2017-12-02 20:51:18,183 [INFO] from application in play-dev-mode-akka.actor.default-dispatcher-2 - Creating Pool for datasource 'default'
2017-12-02 20:51:18,269 [INFO] from play.api.db.DefaultDBApi in play-dev-mode-akka.actor.default-dispatcher-2 - Database [default] connected at jdbc:h2:file:./db/play
2017-12-02 20:51:21,728 [WARN] from org.hibernate.validator.messageinterpolation.ParameterMessageInterpolator in play-dev-mode-akka.actor.default-dispatcher-2 - HV000184: ParameterMessageInterpolator has been chosen, EL interpolation will not be supported
2017-12-02 20:51:21,919 [INFO] from play.api.http.EnabledFilters in play-dev-mode-akka.actor.default-dispatcher-2 - Enabled Filters (see <https://www.playframework.com/documentation/latest/Filters>):

    play.filters.csrf.CSRFFilter
    play.filters.headers.SecurityHeadersFilter
    play.filters.hosts.AllowedHostsFilter

2017-12-02 20:51:21,923 [INFO] from play.api.Play in play-dev-mode-akka.actor.default-dispatcher-2 - Application started (Dev)
2017-12-02 20:51:41,314 [WARN] from application in play-dev-mode-akka.actor.default-dispatcher-13 - The "validate" method in class "models.ChangePassword" is deprecated since Play 2.6. To migrate to class-level constraints see https://www.playframework.com/documentation/2.6.x/Migration26#java-form-changes and https://www.playframework.com/documentation/2.6.x/JavaForms#Advanced-validation
2017-12-02 20:52:09,710 [WARN] from application in play-dev-mode-akka.actor.default-dispatcher-16 - The "validate" method in class "models.Register" is deprecated since Play 2.6. To migrate to class-level constraints see https://www.playframework.com/documentation/2.6.x/Migration26#java-form-changes and https://www.playframework.com/documentation/2.6.x/JavaForms#Advanced-validation
2017-12-02 20:52:33,951 [WARN] from application in application-akka.actor.default-dispatcher-2 - The "validate" method in class "models.Login" is deprecated since Play 2.6. To migrate to class-level constraints see https://www.playframework.com/documentation/2.6.x/Migration26#java-form-changes and https://www.playframework.com/documentation/2.6.x/JavaForms#Advanced-validation
2017-12-02 20:52:35,463 [WARN] from application in application-akka.actor.default-dispatcher-12 - The "validate" method in class "models.Login" is deprecated since Play 2.6. To migrate to class-level constraints see https://www.playframework.com/documentation/2.6.x/Migration26#java-form-changes and https://www.playframework.com/documentation/2.6.x/JavaForms#Advanced-validation
2017-12-02 20:52:38,441 [WARN] from application in application-akka.actor.default-dispatcher-12 - The "validate" method in class "models.Login" is deprecated since Play 2.6. To migrate to class-level constraints see https://www.playframework.com/documentation/2.6.x/Migration26#java-form-changes and https://www.playframework.com/documentation/2.6.x/JavaForms#Advanced-validation
2017-12-02 20:52:43,400 [WARN] from application in application-akka.actor.default-dispatcher-12 - The "validate" method in class "models.Login" is deprecated since Play 2.6. To migrate to class-level constraints see https://www.playframework.com/documentation/2.6.x/Migration26#java-form-changes and https://www.playframework.com/documentation/2.6.x/JavaForms#Advanced-validation
2017-12-02 20:52:48,041 [WARN] from application in application-akka.actor.default-dispatcher-12 - The "validate" method in class "models.Login" is deprecated since Play 2.6. To migrate to class-level constraints see https://www.playframework.com/documentation/2.6.x/Migration26#java-form-changes and https://www.playframework.com/documentation/2.6.x/JavaForms#Advanced-validation
2017-12-02 20:52:50,304 [WARN] from application in application-akka.actor.default-dispatcher-12 - The "validate" method in class "models.Login" is deprecated since Play 2.6. To migrate to class-level constraints see https://www.playframework.com/documentation/2.6.x/Migration26#java-form-changes and https://www.playframework.com/documentation/2.6.x/JavaForms#Advanced-validation
2017-12-02 20:52:51,767 [WARN] from application in application-akka.actor.default-dispatcher-12 - The "validate" method in class "models.Login" is deprecated since Play 2.6. To migrate to class-level constraints see https://www.playframework.com/documentation/2.6.x/Migration26#java-form-changes and https://www.playframework.com/documentation/2.6.x/JavaForms#Advanced-validation
2017-12-02 20:52:54,823 [WARN] from application in application-akka.actor.default-dispatcher-12 - The "validate" method in class "models.Login" is deprecated since Play 2.6. To migrate to class-level constraints see https://www.playframework.com/documentation/2.6.x/Migration26#java-form-changes and https://www.playframework.com/documentation/2.6.x/JavaForms#Advanced-validation
2017-12-02 20:52:56,681 [WARN] from application in application-akka.actor.default-dispatcher-12 - The "validate" method in class "models.Login" is deprecated since Play 2.6. To migrate to class-level constraints see https://www.playframework.com/documentation/2.6.x/Migration26#java-form-changes and https://www.playframework.com/documentation/2.6.x/JavaForms#Advanced-validation
2017-12-02 20:52:58,066 [WARN] from application in application-akka.actor.default-dispatcher-12 - The "validate" method in class "models.Login" is deprecated since Play 2.6. To migrate to class-level constraints see https://www.playframework.com/documentation/2.6.x/Migration26#java-form-changes and https://www.playframework.com/documentation/2.6.x/JavaForms#Advanced-validation
2017-12-02 20:52:59,458 [WARN] from application in application-akka.actor.default-dispatcher-12 - The "validate" method in class "models.Login" is deprecated since Play 2.6. To migrate to class-level constraints see https://www.playframework.com/documentation/2.6.x/Migration26#java-form-changes and https://www.playframework.com/documentation/2.6.x/JavaForms#Advanced-validation
2017-12-02 20:53:00,647 [WARN] from application in application-akka.actor.default-dispatcher-12 - The "validate" method in class "models.Login" is deprecated since Play 2.6. To migrate to class-level constraints see https://www.playframework.com/documentation/2.6.x/Migration26#java-form-changes and https://www.playframework.com/documentation/2.6.x/JavaForms#Advanced-validation
2017-12-02 20:53:10,456 [WARN] from application in play-dev-mode-akka.actor.default-dispatcher-22 - The "validate" method in class "models.ChangePassword" is deprecated since Play 2.6. To migrate to class-level constraints see https://www.playframework.com/documentation/2.6.x/Migration26#java-form-changes and https://www.playframework.com/documentation/2.6.x/JavaForms#Advanced-validation
2017-12-02 20:57:59,341 [INFO] from play.core.server.AkkaHttpServer in pool-12-thread-6 - Stopping server...
2017-12-02 20:57:59,378 [INFO] from application in pool-12-thread-6 - Shutting down connection pool.
